# JRE version: OpenJDK Runtime Environment (8.0_192-b26) (build 1.8.0_192-b26)
# Java VM: OpenJDK 64-Bit Server VM (25.192-b26 mixed mode linux-amd64 compressed oops)
Heap:
 PSYoungGen      total 25600K, used 1482K [0x00000000d7000000, 0x00000000d8b80000, 0x0000000100000000)
  eden space 23040K, 1% used [0x00000000d7000000,0x00000000d7072af0,0x00000000d8680000)
  from space 2560K, 40% used [0x00000000d8900000,0x00000000d8a00000,0x00000000d8b80000)
  to   space 2560K, 0% used [0x00000000d8680000,0x00000000d8680000,0x00000000d8900000)
 ParOldGen       total 119296K, used 115214K [0x0000000085000000, 0x000000008c480000, 0x00000000d7000000)
  object space 119296K, 96% used [0x0000000085000000,0x000000008c083840,0x000000008c480000)
 Metaspace       used 22183K, capacity 23438K, committed 23552K, reserved 1069056K
  class space    used 2808K, capacity 3064K, committed 3072K, reserved 1048576K
GC Heap History (10 events):
Event: 286.906 GC heap before
{Heap before GC invocations=225 (full 5):
 PSYoungGen      total 26112K, used 24353K [0x00000000d7000000, 0x00000000d8c80000, 0x0000000100000000)
  eden space 23040K, 99% used [0x00000000d7000000,0x00000000d865c7c8,0x00000000d8680000)
  from space 3072K, 47% used [0x00000000d8680000,0x00000000d87ec010,0x00000000d8980000)
  to   space 3072K, 0% used [0x00000000d8980000,0x00000000d8980000,0x00000000d8c80000)
 ParOldGen       total 119296K, used 110344K [0x0000000085000000, 0x000000008c480000, 0x00000000d7000000)
  object space 119296K, 92% used [0x0000000085000000,0x000000008bbc2160,0x000000008c480000)
 Metaspace       used 22173K, capacity 23438K, committed 23552K, reserved 1069056K
  class space    used 2806K, capacity 3064K, committed 3072K, reserved 1048576K
Event: 286.908 GC heap after
Heap after GC invocations=225 (full 5):
 PSYoungGen      total 26112K, used 1312K [0x00000000d7000000, 0x00000000d8c80000, 0x0000000100000000)
  eden space 23040K, 0% used [0x00000000d7000000,0x00000000d7000000,0x00000000d8680000)
  from space 3072K, 42% used [0x00000000d8980000,0x00000000d8ac8000,0x00000000d8c80000)
  to   space 3072K, 0% used [0x00000000d8680000,0x00000000d8680000,0x00000000d8980000)
 ParOldGen       total 119296K, used 111497K [0x0000000085000000, 0x000000008c480000, 0x00000000d7000000)
  object space 119296K, 93% used [0x0000000085000000,0x000000008bce26f0,0x000000008c480000)
 Metaspace       used 22173K, capacity 23438K, committed 23552K, reserved 1069056K
  class space    used 2806K, capacity 3064K, committed 3072K, reserved 1048576K
}
Event: 287.687 GC heap before
{Heap before GC invocations=226 (full 5):
 PSYoungGen      total 26112K, used 24352K [0x00000000d7000000, 0x00000000d8c80000, 0x0000000100000000)
  eden space 23040K, 100% used [0x00000000d7000000,0x00000000d8680000,0x00000000d8680000)
  from space 3072K, 42% used [0x00000000d8980000,0x00000000d8ac8000,0x00000000d8c80000)
  to   space 3072K, 0% used [0x00000000d8680000,0x00000000d8680000,0x00000000d8980000)
 ParOldGen       total 119296K, used 111497K [0x0000000085000000, 0x000000008c480000, 0x00000000d7000000)
  object space 119296K, 93% used [0x0000000085000000,0x000000008bce26f0,0x000000008c480000)
 Metaspace       used 22174K, capacity 23438K, committed 23552K, reserved 1069056K
  class space    used 2806K, capacity 3064K, committed 3072K, reserved 1048576K
Event: 287.689 GC heap after
Heap after GC invocations=226 (full 5):
 PSYoungGen      total 24576K, used 1152K [0x00000000d7000000, 0x00000000d8b80000, 0x0000000100000000)
  eden space 23040K, 0% used [0x00000000d7000000,0x00000000d7000000,0x00000000d8680000)
  from space 1536K, 75% used [0x00000000d8680000,0x00000000d87a0000,0x00000000d8800000)
  to   space 2560K, 0% used [0x00000000d8900000,0x00000000d8900000,0x00000000d8b80000)
 ParOldGen       total 119296K, used 112530K [0x0000000085000000, 0x000000008c480000, 0x00000000d7000000)
  object space 119296K, 94% used [0x0000000085000000,0x000000008bde4be0,0x000000008c480000)
 Metaspace       used 22174K, capacity 23438K, committed 23552K, reserved 1069056K
  class space    used 2806K, capacity 3064K, committed 3072K, reserved 1048576K
}
Event: 288.474 GC heap before
{Heap before GC invocations=227 (full 5):
 PSYoungGen      total 24576K, used 24192K [0x00000000d7000000, 0x00000000d8b80000, 0x0000000100000000)
  eden space 23040K, 100% used [0x00000000d7000000,0x00000000d8680000,0x00000000d8680000)
  from space 1536K, 75% used [0x00000000d8680000,0x00000000d87a0000,0x00000000d8800000)
  to   space 2560K, 0% used [0x00000000d8900000,0x00000000d8900000,0x00000000d8b80000)
 ParOldGen       total 119296K, used 112530K [0x0000000085000000, 0x000000008c480000, 0x00000000d7000000)
  object space 119296K, 94% used [0x0000000085000000,0x000000008bde4be0,0x000000008c480000)
 Metaspace       used 22174K, capacity 23438K, committed 23552K, reserved 1069056K
  class space    used 2806K, capacity 3064K, committed 3072K, reserved 1048576K
Event: 288.476 GC heap after
Heap after GC invocations=227 (full 5):
 PSYoungGen      total 25600K, used 1088K [0x00000000d7000000, 0x00000000d8b80000, 0x0000000100000000)
  eden space 23040K, 0% used [0x00000000d7000000,0x00000000d7000000,0x00000000d8680000)
  from space 2560K, 42% used [0x00000000d8900000,0x00000000d8a10000,0x00000000d8b80000)
  to   space 2560K, 0% used [0x00000000d8680000,0x00000000d8680000,0x00000000d8900000)
 ParOldGen       total 119296K, used 113476K [0x0000000085000000, 0x000000008c480000, 0x00000000d7000000)
  object space 119296K, 95% used [0x0000000085000000,0x000000008bed1040,0x000000008c480000)
 Metaspace       used 22174K, capacity 23438K, committed 23552K, reserved 1069056K
  class space    used 2806K, capacity 3064K, committed 3072K, reserved 1048576K
}
Event: 289.290 GC heap before
{Heap before GC invocations=228 (full 5):
 PSYoungGen      total 25600K, used 24128K [0x00000000d7000000, 0x00000000d8b80000, 0x0000000100000000)
  eden space 23040K, 100% used [0x00000000d7000000,0x00000000d8680000,0x00000000d8680000)
  from space 2560K, 42% used [0x00000000d8900000,0x00000000d8a10000,0x00000000d8b80000)
  to   space 2560K, 0% used [0x00000000d8680000,0x00000000d8680000,0x00000000d8900000)
 ParOldGen       total 119296K, used 113476K [0x0000000085000000, 0x000000008c480000, 0x00000000d7000000)
  object space 119296K, 95% used [0x0000000085000000,0x000000008bed1040,0x000000008c480000)
 Metaspace       used 22174K, capacity 23438K, committed 23552K, reserved 1069056K
  class space    used 2806K, capacity 3064K, committed 3072K, reserved 1048576K
Event: 289.292 GC heap after
Heap after GC invocations=228 (full 5):
 PSYoungGen      total 25600K, used 1152K [0x00000000d7000000, 0x00000000d8b80000, 0x0000000100000000)
  eden space 23040K, 0% used [0x00000000d7000000,0x00000000d7000000,0x00000000d8680000)
  from space 2560K, 45% used [0x00000000d8680000,0x00000000d87a0010,0x00000000d8900000)
  to   space 2560K, 0% used [0x00000000d8900000,0x00000000d8900000,0x00000000d8b80000)
 ParOldGen       total 119296K, used 114341K [0x0000000085000000, 0x000000008c480000, 0x00000000d7000000)
  object space 119296K, 95% used [0x0000000085000000,0x000000008bfa9430,0x000000008c480000)
 Metaspace       used 22174K, capacity 23438K, committed 23552K, reserved 1069056K
  class space    used 2806K, capacity 3064K, committed 3072K, reserved 1048576K
}
Event: 290.103 GC heap before
{Heap before GC invocations=229 (full 5):
 PSYoungGen      total 25600K, used 24192K [0x00000000d7000000, 0x00000000d8b80000, 0x0000000100000000)
  eden space 23040K, 100% used [0x00000000d7000000,0x00000000d8680000,0x00000000d8680000)
  from space 2560K, 45% used [0x00000000d8680000,0x00000000d87a0010,0x00000000d8900000)
  to   space 2560K, 0% used [0x00000000d8900000,0x00000000d8900000,0x00000000d8b80000)
 ParOldGen       total 119296K, used 114341K [0x0000000085000000, 0x000000008c480000, 0x00000000d7000000)
  object space 119296K, 95% used [0x0000000085000000,0x000000008bfa9430,0x000000008c480000)
 Metaspace       used 22183K, capacity 23438K, committed 23552K, reserved 1069056K
  class space    used 2808K, capacity 3064K, committed 3072K, reserved 1048576K
Event: 290.105 GC heap after
Heap after GC invocations=229 (full 5):
 PSYoungGen      total 25600K, used 1024K [0x00000000d7000000, 0x00000000d8b80000, 0x0000000100000000)
  eden space 23040K, 0% used [0x00000000d7000000,0x00000000d7000000,0x00000000d8680000)
  from space 2560K, 40% used [0x00000000d8900000,0x00000000d8a00000,0x00000000d8b80000)
  to   space 2560K, 0% used [0x00000000d8680000,0x00000000d8680000,0x00000000d8900000)
 ParOldGen       total 119296K, used 115214K [0x0000000085000000, 0x000000008c480000, 0x00000000d7000000)
  object space 119296K, 96% used [0x0000000085000000,0x000000008c083840,0x000000008c480000)
 Metaspace       used 22183K, capacity 23438K, committed 23552K, reserved 1069056K
  class space    used 2808K, capacity 3064K, committed 3072K, reserved 1048576K
}

